<?xml version="1.0" encoding="UTF-8"?>
<!-- Generated by org.testng.reporters.JUnitReportReporter -->
<testsuite hostname="Chhiring" failures="0" tests="1" name="setup.TestRunner" time="4.821" errors="0" timestamp="2023-12-15T18:53:20 EST" skipped="0">
  <testcase classname="setup.TestRunner" name="runScenario" time="4.821"/>
</testsuite> <!-- setup.TestRunner -->
